d:\ece39595\project\project\x64\debug\vc142.pdb
d:\ece39595\project\project\x64\debug\vc142.idb
d:\ece39595\project\project\x64\debug\remove.obj
d:\ece39595\project\project\x64\debug\player.obj
d:\ece39595\project\project\x64\debug\passage.obj
d:\ece39595\project\project\x64\debug\objectdisplaygrid.obj
d:\ece39595\project\project\x64\debug\monster.obj
d:\ece39595\project\project\x64\debug\main.obj
d:\ece39595\project\project\x64\debug\magic.obj
d:\ece39595\project\project\x64\debug\keyboardlistener.obj
d:\ece39595\project\project\x64\debug\itemactions.obj
d:\ece39595\project\project\x64\debug\item.obj
d:\ece39595\project\project\x64\debug\hallucinate.obj
d:\ece39595\project\project\x64\debug\gridchar.obj
d:\ece39595\project\project\x64\debug\endgame.obj
d:\ece39595\project\project\x64\debug\dungeon.obj
d:\ece39595\project\project\x64\debug\droppack.obj
d:\ece39595\project\project\x64\debug\displayable.obj
d:\ece39595\project\project\x64\debug\creature.obj
d:\ece39595\project\project\x64\debug\changeddisplayedtype.obj
d:\ece39595\project\project\x64\debug\blesscurseowner.obj
d:\ece39595\project\project\x64\debug\armor.obj
d:\ece39595\project\project\x64\debug\youwin.obj
d:\ece39595\project\project\x64\debug\xmlhandler.obj
d:\ece39595\project\project\x64\debug\updatedisplay.obj
d:\ece39595\project\project\x64\debug\teleport.obj
d:\ece39595\project\project\x64\debug\sword.obj
d:\ece39595\project\project\x64\debug\structure.obj
d:\ece39595\project\project\x64\debug\creatureactions.obj
d:\ece39595\project\project\x64\debug\action.obj
d:\ece39595\project\project\x64\debug\scroll.obj
d:\ece39595\project\project\x64\debug\room.obj
d:\ece39595\project\x64\debug\project.exe
d:\ece39595\project\x64\debug\project.ilk
d:\ece39595\project\x64\debug\project.pdb
d:\ece39595\project\project\x64\debug\project.tlog\cl.command.1.tlog
d:\ece39595\project\project\x64\debug\project.tlog\cl.read.1.tlog
d:\ece39595\project\project\x64\debug\project.tlog\cl.write.1.tlog
d:\ece39595\project\project\x64\debug\project.tlog\link.command.1.tlog
d:\ece39595\project\project\x64\debug\project.tlog\link.read.1.tlog
d:\ece39595\project\project\x64\debug\project.tlog\link.write.1.tlog
